2025-09-09 10:53:37,113 - PodLogWatcher - INFO - Loaded kubeconfig from default location
2025-09-09 10:53:37,113 - PodLogWatcher - INFO - Initialized PodLogWatcher for namespace: rds-automation
2025-09-09 10:53:37,113 - PodLogWatcher - INFO - Log directory: /Volumes/minihome/gwest/projects/log-grab/pod_logs
2025-09-09 10:53:37,113 - PodLogWatcher - INFO - Starting to watch pods in namespace: rds-automation
2025-09-09 10:53:37,113 - PodLogWatcher - INFO - Checking for existing failed pods...
2025-09-09 10:53:37,495 - PodLogWatcher - INFO - Watching for pod events...
2025-09-09 10:54:39,827 - PodLogWatcher - INFO - Received interrupt signal, stopping watcher...
2025-09-09 10:55:06,986 - PodLogWatcher - INFO - Loaded kubeconfig from default location
2025-09-09 10:55:06,986 - PodLogWatcher - INFO - Initialized PodLogWatcher for namespace: rds-automation
2025-09-09 10:55:06,986 - PodLogWatcher - INFO - Log directory: /Volumes/minihome/gwest/projects/log-grab/pod_logs
2025-09-09 10:55:06,986 - PodLogWatcher - INFO - Starting to watch pods in namespace: rds-automation
2025-09-09 10:55:06,986 - PodLogWatcher - INFO - Checking for existing failed pods...
2025-09-09 10:55:07,353 - PodLogWatcher - INFO - Watching for pod events...
2025-09-09 10:56:18,331 - PodLogWatcher - INFO - Received interrupt signal, stopping watcher...
2025-09-09 10:56:38,391 - PodLogWatcher - INFO - Loaded kubeconfig from default location
2025-09-09 10:56:38,391 - PodLogWatcher - INFO - Initialized PodLogWatcher for namespace: rds-automation
2025-09-09 10:56:38,391 - PodLogWatcher - INFO - Log directory: /Volumes/minihome/gwest/projects/log-grab/pod_logs
2025-09-09 10:56:38,392 - PodLogWatcher - INFO - Starting to watch pods in namespace: rds-automation
2025-09-09 10:56:38,392 - PodLogWatcher - INFO - Checking for existing failed pods...
2025-09-09 10:56:39,042 - PodLogWatcher - INFO - Watching for pod events...
2025-09-09 10:56:56,967 - PodLogWatcher - INFO - Received interrupt signal, stopping watcher...
2025-09-09 10:57:01,890 - PodLogWatcher - INFO - Loaded kubeconfig from default location
2025-09-09 10:57:01,891 - PodLogWatcher - INFO - Initialized PodLogWatcher for namespace: rds-automation
2025-09-09 10:57:01,891 - PodLogWatcher - INFO - Log directory: /Volumes/minihome/gwest/projects/log-grab/pod_logs
2025-09-09 10:57:01,891 - PodLogWatcher - INFO - Starting to watch pods in namespace: rds-automation
2025-09-09 10:57:01,891 - PodLogWatcher - INFO - Checking for existing failed pods...
2025-09-09 10:57:02,275 - PodLogWatcher - INFO - Watching for pod events...
2025-09-09 10:57:54,047 - PodLogWatcher - INFO - Received interrupt signal, stopping watcher...
2025-09-09 10:57:59,925 - PodLogWatcher - INFO - Loaded kubeconfig from default location
2025-09-09 10:57:59,926 - PodLogWatcher - INFO - Initialized PodLogWatcher for namespace: rds-automation
2025-09-09 10:57:59,926 - PodLogWatcher - INFO - Log directory: /Volumes/minihome/gwest/projects/log-grab/pod_logs
2025-09-09 10:57:59,926 - PodLogWatcher - INFO - Starting to watch pods in namespace: rds-automation
2025-09-09 10:57:59,926 - PodLogWatcher - INFO - Checking for existing failed pods...
2025-09-09 10:58:00,329 - PodLogWatcher - INFO - Watching for pod events...
2025-09-09 10:58:51,601 - PodLogWatcher - INFO - Received interrupt signal, stopping watcher...
2025-09-09 10:58:53,705 - PodLogWatcher - INFO - Loaded kubeconfig from default location
2025-09-09 10:58:53,705 - PodLogWatcher - INFO - Initialized PodLogWatcher for namespace: rds-automation
2025-09-09 10:58:53,705 - PodLogWatcher - INFO - Log directory: /Volumes/minihome/gwest/projects/log-grab/pod_logs
2025-09-09 10:58:53,705 - PodLogWatcher - INFO - Starting to watch pods in namespace: rds-automation
2025-09-09 10:58:53,705 - PodLogWatcher - INFO - Checking for existing failed pods...
2025-09-09 10:58:54,054 - PodLogWatcher - INFO - Watching for pod events...
2025-09-09 10:59:01,477 - PodLogWatcher - INFO - Received interrupt signal, stopping watcher...
2025-09-09 10:59:21,837 - PodLogWatcher - INFO - Loaded kubeconfig from default location
2025-09-09 10:59:21,837 - PodLogWatcher - INFO - Initialized PodLogWatcher for namespace: rds-automation
2025-09-09 10:59:21,837 - PodLogWatcher - INFO - Log directory: /Volumes/minihome/gwest/projects/log-grab/pod_logs
2025-09-09 10:59:21,838 - PodLogWatcher - INFO - Starting to watch pods in namespace: rds-automation
2025-09-09 10:59:21,838 - PodLogWatcher - INFO - Checking for existing failed pods...
2025-09-09 10:59:22,221 - PodLogWatcher - INFO - Watching for pod events...
2025-09-09 11:04:54,687 - PodLogWatcher - INFO - Received interrupt signal, stopping watcher...
2025-09-09 11:05:28,455 - PodLogWatcher - INFO - Loaded kubeconfig from default location
2025-09-09 11:05:28,455 - PodLogWatcher - INFO - Initialized PodLogWatcher for namespace: rds-automation
2025-09-09 11:05:28,455 - PodLogWatcher - INFO - Log directory: /Volumes/minihome/gwest/projects/log-grab/pod_logs
2025-09-09 11:05:28,455 - PodLogWatcher - INFO - Starting to watch pods in namespace: rds-automation
2025-09-09 11:05:28,455 - PodLogWatcher - INFO - Checking for existing failed pods...
2025-09-09 11:05:28,842 - PodLogWatcher - INFO - Watching for pod events...
2025-09-09 11:08:51,495 - PodLogWatcher - INFO - Received interrupt signal, stopping watcher...
2025-09-09 11:08:57,068 - PodLogWatcher - INFO - Loaded kubeconfig from default location
2025-09-09 11:08:57,068 - PodLogWatcher - INFO - Initialized PodLogWatcher for namespace: rds-automation
2025-09-09 11:08:57,068 - PodLogWatcher - INFO - Log directory: /Volumes/minihome/gwest/projects/log-grab/pod_logs
2025-09-09 11:08:57,068 - PodLogWatcher - INFO - Starting to watch pods in namespace: rds-automation
2025-09-09 11:08:57,068 - PodLogWatcher - INFO - Checking for existing failed pods...
2025-09-09 11:08:57,452 - PodLogWatcher - INFO - Watching for pod events...
2025-09-09 11:09:42,402 - PodLogWatcher - INFO - Received interrupt signal, stopping watcher...
2025-09-09 11:10:10,155 - PodLogWatcher - INFO - Loaded kubeconfig from default location
2025-09-09 11:10:10,155 - PodLogWatcher - INFO - Initialized PodLogWatcher for namespace: rds-automation
2025-09-09 11:10:10,155 - PodLogWatcher - INFO - Log directory: /Volumes/minihome/gwest/projects/log-grab/pod_logs
2025-09-09 11:10:10,155 - PodLogWatcher - INFO - Starting to watch pods in namespace: rds-automation
2025-09-09 11:10:10,156 - PodLogWatcher - INFO - Checking for existing failed pods...
2025-09-09 11:10:10,549 - PodLogWatcher - INFO - Watching for pod events...
2025-09-09 11:14:33,699 - PodLogWatcher - INFO - Loaded kubeconfig from default location
2025-09-09 11:14:33,699 - PodLogWatcher - INFO - Initialized PodLogWatcher for namespace: rds-automation
2025-09-09 11:14:33,699 - PodLogWatcher - INFO - Log directory: /Volumes/minihome/gwest/projects/log-grab/pod_logs
2025-09-09 11:14:33,699 - PodLogWatcher - INFO - Starting to watch pods in namespace: rds-automation
2025-09-09 11:14:33,699 - PodLogWatcher - INFO - Checking for existing failed pods...
2025-09-09 11:14:34,058 - PodLogWatcher - INFO - Watching for pod events...
2025-09-09 11:15:21,873 - PodLogWatcher - INFO - Received interrupt signal, stopping watcher...
2025-09-09 11:22:44,327 - PodLogWatcher - INFO - Loaded kubeconfig from default location
2025-09-09 11:22:44,369 - PodLogWatcher - INFO - Initialized PodLogWatcher for namespace: rds-automation
2025-09-09 11:22:44,369 - PodLogWatcher - INFO - Log directory: /Volumes/minihome/gwest/projects/log-grab/pod_logs
2025-09-09 11:22:44,369 - PodLogWatcher - INFO - Starting to watch pods in namespace: rds-automation
2025-09-09 11:22:44,369 - PodLogWatcher - INFO - Checking for existing failed pods...
2025-09-09 11:22:44,802 - PodLogWatcher - INFO - Watching for pod events...
2025-09-09 11:25:12,316 - PodLogWatcher - INFO - Loaded kubeconfig from default location
2025-09-09 11:25:12,317 - PodLogWatcher - INFO - Initialized PodLogWatcher for namespace: rds-automation
2025-09-09 11:25:12,317 - PodLogWatcher - INFO - Log directory: /Volumes/minihome/gwest/projects/log-grab/pod_logs
2025-09-09 11:25:12,317 - PodLogWatcher - INFO - Starting to watch pods in namespace: rds-automation
2025-09-09 11:25:12,317 - PodLogWatcher - INFO - Checking for existing failed pods...
2025-09-09 11:25:12,690 - PodLogWatcher - INFO - Watching for pod events...
2025-09-09 11:29:02,789 - PodLogWatcher - INFO - Loaded kubeconfig from default location
2025-09-09 11:29:02,790 - PodLogWatcher - INFO - Initialized PodLogWatcher for namespace: rds-automation
2025-09-09 11:29:02,790 - PodLogWatcher - INFO - Log directory: /Volumes/minihome/gwest/projects/log-grab/pod_logs
2025-09-09 11:29:02,790 - PodLogWatcher - INFO - Starting to watch pods in namespace: rds-automation
2025-09-09 11:29:02,790 - PodLogWatcher - INFO - Checking for existing failed pods...
2025-09-09 11:29:03,188 - PodLogWatcher - INFO - Watching for pod events...
2025-09-09 11:29:07,195 - PodLogWatcher - INFO - Received interrupt signal, stopping watcher...
2025-09-09 11:30:31,847 - PodLogWatcher - INFO - Loaded kubeconfig from default location
2025-09-09 11:30:31,848 - PodLogWatcher - INFO - Initialized PodLogWatcher for namespace: rds-automation
2025-09-09 11:30:31,848 - PodLogWatcher - INFO - Log directory: /Volumes/minihome/gwest/projects/log-grab/pod_logs
2025-09-09 11:30:31,848 - PodLogWatcher - INFO - Starting to watch pods in namespace: rds-automation
2025-09-09 11:30:31,848 - PodLogWatcher - INFO - Checking for existing failed pods...
2025-09-09 11:30:32,419 - PodLogWatcher - INFO - Watching for pod events...
2025-09-09 11:31:48,905 - PodLogWatcher - INFO - Loaded kubeconfig from default location
2025-09-09 11:31:48,905 - PodLogWatcher - INFO - Initialized PodLogWatcher for namespace: rds-automation
2025-09-09 11:31:48,906 - PodLogWatcher - INFO - Log directory: /Volumes/minihome/gwest/projects/log-grab/pod_logs
2025-09-09 11:31:48,906 - PodLogWatcher - INFO - Starting to watch pods in namespace: rds-automation
2025-09-09 11:31:48,906 - PodLogWatcher - INFO - Checking for existing failed pods...
2025-09-09 11:31:49,583 - PodLogWatcher - INFO - Watching for pod events...
2025-09-09 11:38:07,659 - PodLogWatcher - INFO - Loaded kubeconfig from default location
2025-09-09 11:38:07,659 - PodLogWatcher - INFO - Initialized PodLogWatcher for namespace: rds-automation
2025-09-09 11:38:07,659 - PodLogWatcher - INFO - Log directory: /Volumes/minihome/gwest/projects/log-grab/pod_logs
2025-09-09 11:38:07,659 - PodLogWatcher - INFO - Starting to watch pods in namespace: rds-automation
2025-09-09 11:38:07,659 - PodLogWatcher - INFO - Checking for existing failed pods...
2025-09-09 11:38:07,921 - PodLogWatcher - ERROR - Error checking existing pods: (401)
Reason: Unauthorized
HTTP response headers: HTTPHeaderDict({'Audit-Id': '9aa4eb98-bc52-433e-b49f-e736fd74332c', 'Cache-Control': 'no-cache, private', 'Content-Type': 'application/json', 'Strict-Transport-Security': 'max-age=31536000; includeSubDomains; preload', 'Date': 'Tue, 09 Sep 2025 16:38:07 GMT', 'Content-Length': '129'})
HTTP response body: {"kind":"Status","apiVersion":"v1","metadata":{},"status":"Failure","message":"Unauthorized","reason":"Unauthorized","code":401}


2025-09-09 11:38:07,921 - PodLogWatcher - INFO - Watching for pod events...
2025-09-09 11:38:07,977 - PodLogWatcher - ERROR - Error watching pods: (401)
Reason: Unauthorized
HTTP response headers: HTTPHeaderDict({'Audit-Id': '2b960e99-e12d-4e96-a8c1-80da9be75b39', 'Cache-Control': 'no-cache, private', 'Content-Type': 'application/json', 'Strict-Transport-Security': 'max-age=31536000; includeSubDomains; preload', 'Date': 'Tue, 09 Sep 2025 16:38:08 GMT', 'Content-Length': '129'})
HTTP response body: b'{"kind":"Status","apiVersion":"v1","metadata":{},"status":"Failure","message":"Unauthorized","reason":"Unauthorized","code":401}\n'

2025-09-09 11:39:19,966 - PodLogWatcher - INFO - Loaded kubeconfig from default location
2025-09-09 11:39:19,967 - PodLogWatcher - INFO - Initialized PodLogWatcher for namespace: rds-automation
2025-09-09 11:39:19,967 - PodLogWatcher - INFO - Log directory: /Volumes/minihome/gwest/projects/log-grab/pod_logs
2025-09-09 11:39:19,967 - PodLogWatcher - INFO - Starting to watch pods in namespace: rds-automation
2025-09-09 11:39:19,967 - PodLogWatcher - INFO - Checking for existing failed pods...
2025-09-09 11:39:20,234 - PodLogWatcher - ERROR - Error checking existing pods: (401)
Reason: Unauthorized
HTTP response headers: HTTPHeaderDict({'Audit-Id': '8ace3811-5951-4be5-9db4-355a43197f68', 'Cache-Control': 'no-cache, private', 'Content-Type': 'application/json', 'Strict-Transport-Security': 'max-age=31536000; includeSubDomains; preload', 'Date': 'Tue, 09 Sep 2025 16:39:20 GMT', 'Content-Length': '129'})
HTTP response body: {"kind":"Status","apiVersion":"v1","metadata":{},"status":"Failure","message":"Unauthorized","reason":"Unauthorized","code":401}


2025-09-09 11:39:20,234 - PodLogWatcher - INFO - Watching for pod events...
2025-09-09 11:39:20,292 - PodLogWatcher - ERROR - Error watching pods: (401)
Reason: Unauthorized
HTTP response headers: HTTPHeaderDict({'Audit-Id': '71a776c7-e76b-4e31-b6ed-62bea1f909c9', 'Cache-Control': 'no-cache, private', 'Content-Type': 'application/json', 'Strict-Transport-Security': 'max-age=31536000; includeSubDomains; preload', 'Date': 'Tue, 09 Sep 2025 16:39:20 GMT', 'Content-Length': '129'})
HTTP response body: b'{"kind":"Status","apiVersion":"v1","metadata":{},"status":"Failure","message":"Unauthorized","reason":"Unauthorized","code":401}\n'

2025-09-09 11:40:09,165 - PodLogWatcher - INFO - Loaded kubeconfig from default location
2025-09-09 11:40:09,165 - PodLogWatcher - INFO - Initialized PodLogWatcher for namespace: rds-automation
2025-09-09 11:40:09,165 - PodLogWatcher - INFO - Log directory: /Volumes/minihome/gwest/projects/log-grab/pod_logs
2025-09-09 11:40:09,165 - PodLogWatcher - INFO - Starting to watch pods in namespace: rds-automation
2025-09-09 11:40:09,165 - PodLogWatcher - INFO - Checking for existing failed pods...
2025-09-09 11:40:09,534 - PodLogWatcher - ERROR - Error checking existing pods: (401)
Reason: Unauthorized
HTTP response headers: HTTPHeaderDict({'Audit-Id': 'bdecbe8f-9151-4114-988f-75f9b116d732', 'Cache-Control': 'no-cache, private', 'Content-Type': 'application/json', 'Strict-Transport-Security': 'max-age=31536000; includeSubDomains; preload', 'Date': 'Tue, 09 Sep 2025 16:40:09 GMT', 'Content-Length': '129'})
HTTP response body: {"kind":"Status","apiVersion":"v1","metadata":{},"status":"Failure","message":"Unauthorized","reason":"Unauthorized","code":401}


2025-09-09 11:40:09,534 - PodLogWatcher - INFO - Watching for pod events...
2025-09-09 11:40:09,591 - PodLogWatcher - ERROR - Error watching pods: (401)
Reason: Unauthorized
HTTP response headers: HTTPHeaderDict({'Audit-Id': 'e1b170c5-b000-43b4-91c1-4d79feb7df3d', 'Cache-Control': 'no-cache, private', 'Content-Type': 'application/json', 'Strict-Transport-Security': 'max-age=31536000; includeSubDomains; preload', 'Date': 'Tue, 09 Sep 2025 16:40:09 GMT', 'Content-Length': '129'})
HTTP response body: b'{"kind":"Status","apiVersion":"v1","metadata":{},"status":"Failure","message":"Unauthorized","reason":"Unauthorized","code":401}\n'

2025-09-09 11:42:32,672 - PodLogWatcher - INFO - Loaded kubeconfig from default location
2025-09-09 11:42:32,672 - PodLogWatcher - INFO - Initialized PodLogWatcher for namespace: rds-automation
2025-09-09 11:42:32,673 - PodLogWatcher - INFO - Log directory: /Volumes/minihome/gwest/projects/log-grab/pod_logs
2025-09-09 11:42:32,673 - PodLogWatcher - INFO - Starting to watch pods in namespace: rds-automation
2025-09-09 11:42:32,673 - PodLogWatcher - INFO - Checking for existing failed pods...
2025-09-09 11:42:33,042 - PodLogWatcher - INFO - Watching for pod events...
2025-09-09 12:25:16,901 - PodLogWatcher - ERROR - Error watching pods: (401)
Reason: Unauthorized
HTTP response headers: HTTPHeaderDict({'Audit-Id': 'd40e6d4b-9901-49f4-b58d-75b68d2d2671', 'Cache-Control': 'no-cache, private', 'Content-Type': 'application/json', 'Strict-Transport-Security': 'max-age=31536000; includeSubDomains; preload', 'Date': 'Tue, 09 Sep 2025 17:25:16 GMT', 'Content-Length': '129'})
HTTP response body: b'{"kind":"Status","apiVersion":"v1","metadata":{},"status":"Failure","message":"Unauthorized","reason":"Unauthorized","code":401}\n'

2025-09-09 12:31:14,587 - PodLogWatcher - ERROR - Error watching pods: (401)
Reason: Unauthorized
HTTP response headers: HTTPHeaderDict({'Audit-Id': '67a2ecef-e574-45be-8af6-56d1a3ecdc01', 'Cache-Control': 'no-cache, private', 'Content-Type': 'application/json', 'Strict-Transport-Security': 'max-age=31536000; includeSubDomains; preload', 'Date': 'Tue, 09 Sep 2025 17:31:14 GMT', 'Content-Length': '129'})
HTTP response body: b'{"kind":"Status","apiVersion":"v1","metadata":{},"status":"Failure","message":"Unauthorized","reason":"Unauthorized","code":401}\n'

2025-09-09 12:34:53,919 - PodLogWatcher - INFO - Received interrupt signal, stopping watcher...
2025-09-09 12:34:56,798 - PodLogWatcher - INFO - Loaded kubeconfig from default location
2025-09-09 12:34:56,798 - PodLogWatcher - INFO - Initialized PodLogWatcher for namespace: rds-automation
2025-09-09 12:34:56,798 - PodLogWatcher - INFO - Log directory: /Volumes/minihome/gwest/projects/log-grab/pod_logs
2025-09-09 12:34:56,798 - PodLogWatcher - INFO - Starting to watch pods in namespace: rds-automation
2025-09-09 12:34:56,798 - PodLogWatcher - INFO - Checking for existing failed pods...
2025-09-09 12:34:57,188 - PodLogWatcher - INFO - Watching for pod events...
2025-09-09 12:42:37,068 - PodLogWatcher - ERROR - Error watching pods: (401)
Reason: Unauthorized
HTTP response headers: HTTPHeaderDict({'Audit-Id': 'dc89c696-bebd-4f17-8c5b-7ff7b5de1e48', 'Cache-Control': 'no-cache, private', 'Content-Type': 'application/json', 'Strict-Transport-Security': 'max-age=31536000; includeSubDomains; preload', 'Date': 'Tue, 09 Sep 2025 17:42:37 GMT', 'Content-Length': '129'})
HTTP response body: b'{"kind":"Status","apiVersion":"v1","metadata":{},"status":"Failure","message":"Unauthorized","reason":"Unauthorized","code":401}\n'

2025-09-09 12:44:29,011 - PodLogWatcher - ERROR - Error watching pods: (401)
Reason: Unauthorized
HTTP response headers: HTTPHeaderDict({'Audit-Id': '4f0299ef-8a47-4c7b-af50-8c6764a17659', 'Cache-Control': 'no-cache, private', 'Content-Type': 'application/json', 'Strict-Transport-Security': 'max-age=31536000; includeSubDomains; preload', 'Date': 'Tue, 09 Sep 2025 17:44:29 GMT', 'Content-Length': '129'})
HTTP response body: b'{"kind":"Status","apiVersion":"v1","metadata":{},"status":"Failure","message":"Unauthorized","reason":"Unauthorized","code":401}\n'

2025-09-09 12:46:17,426 - PodLogWatcher - ERROR - Error watching pods: (401)
Reason: Unauthorized
HTTP response headers: HTTPHeaderDict({'Audit-Id': '7147abce-08b6-46ad-9028-55a71b3a2927', 'Cache-Control': 'no-cache, private', 'Content-Type': 'application/json', 'Strict-Transport-Security': 'max-age=31536000; includeSubDomains; preload', 'Date': 'Tue, 09 Sep 2025 17:46:17 GMT', 'Content-Length': '129'})
HTTP response body: b'{"kind":"Status","apiVersion":"v1","metadata":{},"status":"Failure","message":"Unauthorized","reason":"Unauthorized","code":401}\n'

2025-09-09 13:20:44,349 - PodLogWatcher - INFO - Received interrupt signal, stopping watcher...
2025-09-09 13:21:37,552 - PodLogWatcher - INFO - Loaded kubeconfig from default location
2025-09-09 13:21:37,552 - PodLogWatcher - INFO - Initialized PodLogWatcher for namespace: rds-automation
2025-09-09 13:21:37,552 - PodLogWatcher - INFO - Log directory: /Volumes/minihome/gwest/projects/log-grab/pod_logs
2025-09-09 13:21:37,552 - PodLogWatcher - INFO - Starting to watch pods in namespace: rds-automation
2025-09-09 13:21:37,552 - PodLogWatcher - INFO - Checking for existing failed pods...
2025-09-09 13:21:38,009 - PodLogWatcher - INFO - Watching for pod events...
